{"C:\\Users\\USER\\Desktop\\JSEnlightment\\Chapter1\\nativeConstructors.js": {"path":"C:\\Users\\USER\\Desktop\\JSEnlightment\\Chapter1\\nativeConstructors.js","statementMap":{"0":{"start":{"line":1,"column":15},"end":{"line":1,"column":29}},"1":{"start":{"line":2,"column":15},"end":{"line":2,"column":35}},"2":{"start":{"line":3,"column":16},"end":{"line":3,"column":33}},"3":{"start":{"line":4,"column":15},"end":{"line":4,"column":27}},"4":{"start":{"line":5,"column":14},"end":{"line":5,"column":36}},"5":{"start":{"line":6,"column":17},"end":{"line":6,"column":53}},"6":{"start":{"line":7,"column":13},"end":{"line":7,"column":23}},"7":{"start":{"line":8,"column":15},"end":{"line":8,"column":40}},"8":{"start":{"line":9,"column":14},"end":{"line":9,"column":32}},"9":{"start":{"line":12,"column":0},"end":{"line":12,"column":34}},"10":{"start":{"line":13,"column":0},"end":{"line":13,"column":34}},"11":{"start":{"line":14,"column":0},"end":{"line":14,"column":35}},"12":{"start":{"line":15,"column":0},"end":{"line":15,"column":34}},"13":{"start":{"line":16,"column":0},"end":{"line":16,"column":33}},"14":{"start":{"line":17,"column":0},"end":{"line":17,"column":36}},"15":{"start":{"line":18,"column":0},"end":{"line":18,"column":32}},"16":{"start":{"line":19,"column":0},"end":{"line":19,"column":34}},"17":{"start":{"line":20,"column":0},"end":{"line":20,"column":33}},"18":{"start":{"line":22,"column":0},"end":{"line":22,"column":24}},"19":{"start":{"line":23,"column":0},"end":{"line":23,"column":27}}},"fnMap":{},"branchMap":{},"s":{"0":1,"1":1,"2":1,"3":1,"4":1,"5":1,"6":1,"7":1,"8":1,"9":1,"10":1,"11":1,"12":1,"13":1,"14":1,"15":1,"16":1,"17":1,"18":1,"19":1},"f":{},"b":{},"_coverageSchema":"1a1c01bbd47fc00a2c39e90264f33305004495a9","hash":"8fe8f2f999cfbcf76f3264dbbe52bd2aea238d88"}
,"C:\\Users\\USER\\Desktop\\JSEnlightment\\Chapter1\\objectCreation.js": {"path":"C:\\Users\\USER\\Desktop\\JSEnlightment\\Chapter1\\objectCreation.js","statementMap":{"0":{"start":{"line":7,"column":11},"end":{"line":7,"column":23}},"1":{"start":{"line":10,"column":0},"end":{"line":10,"column":20}},"2":{"start":{"line":11,"column":0},"end":{"line":11,"column":14}},"3":{"start":{"line":12,"column":0},"end":{"line":12,"column":21}},"4":{"start":{"line":15,"column":0},"end":{"line":17,"column":2}},"5":{"start":{"line":16,"column":4},"end":{"line":16,"column":20}},"6":{"start":{"line":18,"column":0},"end":{"line":20,"column":2}},"7":{"start":{"line":19,"column":4},"end":{"line":19,"column":24}},"8":{"start":{"line":21,"column":0},"end":{"line":23,"column":1}},"9":{"start":{"line":22,"column":4},"end":{"line":22,"column":23}},"10":{"start":{"line":26,"column":0},"end":{"line":26,"column":18}},"11":{"start":{"line":29,"column":0},"end":{"line":29,"column":33}},"12":{"start":{"line":30,"column":0},"end":{"line":30,"column":41}},"13":{"start":{"line":31,"column":0},"end":{"line":31,"column":39}}},"fnMap":{"0":{"name":"(anonymous_0)","decl":{"start":{"line":15,"column":14},"end":{"line":15,"column":15}},"loc":{"start":{"line":15,"column":24},"end":{"line":17,"column":1}},"line":15},"1":{"name":"(anonymous_1)","decl":{"start":{"line":18,"column":18},"end":{"line":18,"column":19}},"loc":{"start":{"line":18,"column":28},"end":{"line":20,"column":1}},"line":18},"2":{"name":"(anonymous_2)","decl":{"start":{"line":21,"column":17},"end":{"line":21,"column":18}},"loc":{"start":{"line":21,"column":27},"end":{"line":23,"column":1}},"line":21}},"branchMap":{},"s":{"0":1,"1":1,"2":1,"3":1,"4":1,"5":1,"6":1,"7":1,"8":1,"9":2,"10":1,"11":1,"12":1,"13":1},"f":{"0":1,"1":1,"2":2},"b":{},"_coverageSchema":"1a1c01bbd47fc00a2c39e90264f33305004495a9","hash":"7687b1f533b3ba21b734df8135d7780d4d6f0a5e"}
,"C:\\Users\\USER\\Desktop\\JSEnlightment\\Chapter1\\personConstructor.js": {"path":"C:\\Users\\USER\\Desktop\\JSEnlightment\\Chapter1\\personConstructor.js","statementMap":{"0":{"start":{"line":4,"column":13},"end":{"line":9,"column":1}},"1":{"start":{"line":5,"column":4},"end":{"line":5,"column":27}},"2":{"start":{"line":6,"column":4},"end":{"line":6,"column":19}},"3":{"start":{"line":7,"column":4},"end":{"line":7,"column":25}},"4":{"start":{"line":8,"column":4},"end":{"line":8,"column":54}},"5":{"start":{"line":8,"column":33},"end":{"line":8,"column":52}},"6":{"start":{"line":12,"column":11},"end":{"line":12,"column":39}},"7":{"start":{"line":16,"column":0},"end":{"line":16,"column":22}}},"fnMap":{"0":{"name":"(anonymous_0)","decl":{"start":{"line":4,"column":13},"end":{"line":4,"column":14}},"loc":{"start":{"line":4,"column":44},"end":{"line":9,"column":1}},"line":4},"1":{"name":"(anonymous_1)","decl":{"start":{"line":8,"column":21},"end":{"line":8,"column":22}},"loc":{"start":{"line":8,"column":32},"end":{"line":8,"column":53}},"line":8}},"branchMap":{},"s":{"0":1,"1":1,"2":1,"3":1,"4":1,"5":1,"6":1,"7":1},"f":{"0":1,"1":1},"b":{},"_coverageSchema":"1a1c01bbd47fc00a2c39e90264f33305004495a9","hash":"0b6348d89e88cb0d6379e5072129955f513e564c"}
}
