{"C:\\Users\\USER\\Desktop\\JSEnlightment\\Chapter1\\constructorNLiterals.js": {"path":"C:\\Users\\USER\\Desktop\\JSEnlightment\\Chapter1\\constructorNLiterals.js","statementMap":{"0":{"start":{"line":1,"column":15},"end":{"line":1,"column":29}},"1":{"start":{"line":2,"column":22},"end":{"line":2,"column":24}},"2":{"start":{"line":4,"column":15},"end":{"line":4,"column":33}},"3":{"start":{"line":5,"column":22},"end":{"line":5,"column":28}},"4":{"start":{"line":7,"column":16},"end":{"line":7,"column":34}},"5":{"start":{"line":8,"column":23},"end":{"line":8,"column":28}},"6":{"start":{"line":10,"column":15},"end":{"line":10,"column":27}},"7":{"start":{"line":11,"column":22},"end":{"line":11,"column":24}},"8":{"start":{"line":13,"column":14},"end":{"line":13,"column":37}},"9":{"start":{"line":14,"column":21},"end":{"line":14,"column":35}},"10":{"start":{"line":16,"column":17},"end":{"line":16,"column":53}},"11":{"start":{"line":17,"column":24},"end":{"line":17,"column":51}},"12":{"start":{"line":17,"column":40},"end":{"line":17,"column":50}},"13":{"start":{"line":21,"column":0},"end":{"line":21,"column":63}},"14":{"start":{"line":22,"column":0},"end":{"line":22,"column":63}},"15":{"start":{"line":23,"column":0},"end":{"line":23,"column":65}},"16":{"start":{"line":24,"column":0},"end":{"line":24,"column":63}},"17":{"start":{"line":25,"column":0},"end":{"line":25,"column":61}},"18":{"start":{"line":26,"column":0},"end":{"line":26,"column":67}},"19":{"start":{"line":28,"column":0},"end":{"line":28,"column":39}},"20":{"start":{"line":29,"column":0},"end":{"line":29,"column":53}}},"fnMap":{"0":{"name":"(anonymous_0)","decl":{"start":{"line":17,"column":24},"end":{"line":17,"column":25}},"loc":{"start":{"line":17,"column":39},"end":{"line":17,"column":51}},"line":17}},"branchMap":{},"s":{"0":1,"1":1,"2":1,"3":1,"4":1,"5":1,"6":1,"7":1,"8":1,"9":1,"10":1,"11":1,"12":1,"13":1,"14":1,"15":1,"16":1,"17":1,"18":1,"19":1,"20":1},"f":{"0":1},"b":{},"_coverageSchema":"1a1c01bbd47fc00a2c39e90264f33305004495a9","hash":"e03e134d387c58cd78d6d44f0235085a9f58eb9c"}
,"C:\\Users\\USER\\Desktop\\JSEnlightment\\Chapter1\\nativeConstructors.js": {"path":"C:\\Users\\USER\\Desktop\\JSEnlightment\\Chapter1\\nativeConstructors.js","statementMap":{"0":{"start":{"line":1,"column":15},"end":{"line":1,"column":29}},"1":{"start":{"line":2,"column":15},"end":{"line":2,"column":35}},"2":{"start":{"line":3,"column":16},"end":{"line":3,"column":33}},"3":{"start":{"line":4,"column":15},"end":{"line":4,"column":27}},"4":{"start":{"line":5,"column":14},"end":{"line":5,"column":36}},"5":{"start":{"line":6,"column":17},"end":{"line":6,"column":53}},"6":{"start":{"line":7,"column":13},"end":{"line":7,"column":23}},"7":{"start":{"line":8,"column":15},"end":{"line":8,"column":40}},"8":{"start":{"line":9,"column":14},"end":{"line":9,"column":32}},"9":{"start":{"line":12,"column":0},"end":{"line":12,"column":34}},"10":{"start":{"line":13,"column":0},"end":{"line":13,"column":34}},"11":{"start":{"line":14,"column":0},"end":{"line":14,"column":35}},"12":{"start":{"line":15,"column":0},"end":{"line":15,"column":34}},"13":{"start":{"line":16,"column":0},"end":{"line":16,"column":33}},"14":{"start":{"line":17,"column":0},"end":{"line":17,"column":36}},"15":{"start":{"line":18,"column":0},"end":{"line":18,"column":32}},"16":{"start":{"line":19,"column":0},"end":{"line":19,"column":34}},"17":{"start":{"line":20,"column":0},"end":{"line":20,"column":33}},"18":{"start":{"line":22,"column":0},"end":{"line":22,"column":27}}},"fnMap":{},"branchMap":{},"s":{"0":1,"1":1,"2":1,"3":1,"4":1,"5":1,"6":1,"7":1,"8":1,"9":1,"10":1,"11":1,"12":1,"13":1,"14":1,"15":1,"16":1,"17":1,"18":1},"f":{},"b":{},"_coverageSchema":"1a1c01bbd47fc00a2c39e90264f33305004495a9","hash":"a3cefc22f55cb3548ba4762b72571f67bf433836"}
,"C:\\Users\\USER\\Desktop\\JSEnlightment\\Chapter1\\objectCreation.js": {"path":"C:\\Users\\USER\\Desktop\\JSEnlightment\\Chapter1\\objectCreation.js","statementMap":{"0":{"start":{"line":7,"column":11},"end":{"line":7,"column":23}},"1":{"start":{"line":10,"column":0},"end":{"line":10,"column":20}},"2":{"start":{"line":11,"column":0},"end":{"line":11,"column":14}},"3":{"start":{"line":12,"column":0},"end":{"line":12,"column":21}},"4":{"start":{"line":15,"column":0},"end":{"line":17,"column":2}},"5":{"start":{"line":16,"column":4},"end":{"line":16,"column":20}},"6":{"start":{"line":18,"column":0},"end":{"line":20,"column":2}},"7":{"start":{"line":19,"column":4},"end":{"line":19,"column":24}},"8":{"start":{"line":21,"column":0},"end":{"line":23,"column":1}},"9":{"start":{"line":22,"column":4},"end":{"line":22,"column":23}},"10":{"start":{"line":26,"column":0},"end":{"line":26,"column":18}},"11":{"start":{"line":29,"column":0},"end":{"line":29,"column":33}},"12":{"start":{"line":30,"column":0},"end":{"line":30,"column":41}},"13":{"start":{"line":31,"column":0},"end":{"line":31,"column":39}}},"fnMap":{"0":{"name":"(anonymous_0)","decl":{"start":{"line":15,"column":14},"end":{"line":15,"column":15}},"loc":{"start":{"line":15,"column":24},"end":{"line":17,"column":1}},"line":15},"1":{"name":"(anonymous_1)","decl":{"start":{"line":18,"column":18},"end":{"line":18,"column":19}},"loc":{"start":{"line":18,"column":28},"end":{"line":20,"column":1}},"line":18},"2":{"name":"(anonymous_2)","decl":{"start":{"line":21,"column":17},"end":{"line":21,"column":18}},"loc":{"start":{"line":21,"column":27},"end":{"line":23,"column":1}},"line":21}},"branchMap":{},"s":{"0":1,"1":1,"2":1,"3":1,"4":1,"5":1,"6":1,"7":1,"8":1,"9":2,"10":1,"11":1,"12":1,"13":1},"f":{"0":1,"1":1,"2":2},"b":{},"_coverageSchema":"1a1c01bbd47fc00a2c39e90264f33305004495a9","hash":"7687b1f533b3ba21b734df8135d7780d4d6f0a5e"}
,"C:\\Users\\USER\\Desktop\\JSEnlightment\\Chapter1\\personConstructor.js": {"path":"C:\\Users\\USER\\Desktop\\JSEnlightment\\Chapter1\\personConstructor.js","statementMap":{"0":{"start":{"line":4,"column":13},"end":{"line":9,"column":1}},"1":{"start":{"line":5,"column":4},"end":{"line":5,"column":27}},"2":{"start":{"line":6,"column":4},"end":{"line":6,"column":19}},"3":{"start":{"line":7,"column":4},"end":{"line":7,"column":25}},"4":{"start":{"line":8,"column":4},"end":{"line":8,"column":54}},"5":{"start":{"line":8,"column":33},"end":{"line":8,"column":52}},"6":{"start":{"line":12,"column":11},"end":{"line":12,"column":39}},"7":{"start":{"line":16,"column":0},"end":{"line":16,"column":22}}},"fnMap":{"0":{"name":"(anonymous_0)","decl":{"start":{"line":4,"column":13},"end":{"line":4,"column":14}},"loc":{"start":{"line":4,"column":44},"end":{"line":9,"column":1}},"line":4},"1":{"name":"(anonymous_1)","decl":{"start":{"line":8,"column":21},"end":{"line":8,"column":22}},"loc":{"start":{"line":8,"column":32},"end":{"line":8,"column":53}},"line":8}},"branchMap":{},"s":{"0":1,"1":1,"2":1,"3":1,"4":1,"5":1,"6":1,"7":1},"f":{"0":1,"1":1},"b":{},"_coverageSchema":"1a1c01bbd47fc00a2c39e90264f33305004495a9","hash":"0b6348d89e88cb0d6379e5072129955f513e564c"}
,"C:\\Users\\USER\\Desktop\\JSEnlightment\\Chapter1\\primitiveEquality.js": {"path":"C:\\Users\\USER\\Desktop\\JSEnlightment\\Chapter1\\primitiveEquality.js","statementMap":{"0":{"start":{"line":1,"column":14},"end":{"line":1,"column":19}},"1":{"start":{"line":2,"column":14},"end":{"line":2,"column":19}},"2":{"start":{"line":3,"column":14},"end":{"line":3,"column":31}},"3":{"start":{"line":4,"column":14},"end":{"line":4,"column":21}},"4":{"start":{"line":5,"column":14},"end":{"line":5,"column":21}},"5":{"start":{"line":6,"column":14},"end":{"line":6,"column":31}},"6":{"start":{"line":8,"column":0},"end":{"line":8,"column":33}},"7":{"start":{"line":9,"column":0},"end":{"line":9,"column":33}},"8":{"start":{"line":10,"column":0},"end":{"line":10,"column":33}},"9":{"start":{"line":12,"column":0},"end":{"line":12,"column":21}},"10":{"start":{"line":13,"column":0},"end":{"line":13,"column":33}},"11":{"start":{"line":14,"column":0},"end":{"line":14,"column":33}},"12":{"start":{"line":16,"column":0},"end":{"line":16,"column":33}},"13":{"start":{"line":18,"column":0},"end":{"line":18,"column":33}},"14":{"start":{"line":19,"column":0},"end":{"line":19,"column":33}},"15":{"start":{"line":20,"column":0},"end":{"line":20,"column":33}},"16":{"start":{"line":21,"column":0},"end":{"line":21,"column":33}},"17":{"start":{"line":22,"column":0},"end":{"line":22,"column":33}},"18":{"start":{"line":23,"column":0},"end":{"line":23,"column":33}}},"fnMap":{},"branchMap":{},"s":{"0":1,"1":1,"2":1,"3":1,"4":1,"5":1,"6":1,"7":1,"8":1,"9":1,"10":1,"11":1,"12":1,"13":1,"14":1,"15":1,"16":1,"17":1,"18":1},"f":{},"b":{},"_coverageSchema":"1a1c01bbd47fc00a2c39e90264f33305004495a9","hash":"36e8b2ff737c6982415448dcac31c6ea935290d3"}
,"C:\\Users\\USER\\Desktop\\JSEnlightment\\Chapter1\\primitiveValues.js": {"path":"C:\\Users\\USER\\Desktop\\JSEnlightment\\Chapter1\\primitiveValues.js","statementMap":{"0":{"start":{"line":1,"column":23},"end":{"line":1,"column":31}},"1":{"start":{"line":2,"column":23},"end":{"line":2,"column":42}},"2":{"start":{"line":3,"column":20},"end":{"line":3,"column":43}},"3":{"start":{"line":5,"column":0},"end":{"line":5,"column":84}},"4":{"start":{"line":7,"column":0},"end":{"line":7,"column":51}},"5":{"start":{"line":8,"column":0},"end":{"line":8,"column":51}},"6":{"start":{"line":9,"column":0},"end":{"line":9,"column":45}}},"fnMap":{},"branchMap":{},"s":{"0":1,"1":1,"2":1,"3":1,"4":1,"5":1,"6":1},"f":{},"b":{},"_coverageSchema":"1a1c01bbd47fc00a2c39e90264f33305004495a9","hash":"59701dea444a65e3c1b9df9ae0856b2732a376c8"}
,"C:\\Users\\USER\\Desktop\\JSEnlightment\\Chapter1\\primitivesToObjects.js": {"path":"C:\\Users\\USER\\Desktop\\JSEnlightment\\Chapter1\\primitivesToObjects.js","statementMap":{"0":{"start":{"line":1,"column":18},"end":{"line":1,"column":20}},"1":{"start":{"line":2,"column":18},"end":{"line":2,"column":29}},"2":{"start":{"line":6,"column":4},"end":{"line":6,"column":36}},"3":{"start":{"line":7,"column":4},"end":{"line":7,"column":31}},"4":{"start":{"line":11,"column":4},"end":{"line":11,"column":40}},"5":{"start":{"line":12,"column":4},"end":{"line":12,"column":35}},"6":{"start":{"line":16,"column":4},"end":{"line":16,"column":47}},"7":{"start":{"line":17,"column":4},"end":{"line":17,"column":42}},"8":{"start":{"line":21,"column":4},"end":{"line":21,"column":36}},"9":{"start":{"line":22,"column":4},"end":{"line":22,"column":31}},"10":{"start":{"line":25,"column":0},"end":{"line":25,"column":16}},"11":{"start":{"line":26,"column":0},"end":{"line":26,"column":18}},"12":{"start":{"line":27,"column":0},"end":{"line":27,"column":18}},"13":{"start":{"line":28,"column":0},"end":{"line":28,"column":16}},"14":{"start":{"line":30,"column":0},"end":{"line":30,"column":40}},"15":{"start":{"line":31,"column":0},"end":{"line":31,"column":42}}},"fnMap":{"0":{"name":"printPrimType","decl":{"start":{"line":5,"column":9},"end":{"line":5,"column":22}},"loc":{"start":{"line":5,"column":24},"end":{"line":8,"column":1}},"line":5},"1":{"name":"printPrimString","decl":{"start":{"line":10,"column":9},"end":{"line":10,"column":24}},"loc":{"start":{"line":10,"column":26},"end":{"line":13,"column":1}},"line":10},"2":{"name":"printStringType","decl":{"start":{"line":15,"column":9},"end":{"line":15,"column":24}},"loc":{"start":{"line":15,"column":26},"end":{"line":18,"column":1}},"line":15},"3":{"name":"printPrimBack","decl":{"start":{"line":20,"column":9},"end":{"line":20,"column":22}},"loc":{"start":{"line":20,"column":24},"end":{"line":23,"column":1}},"line":20}},"branchMap":{},"s":{"0":1,"1":1,"2":2,"3":2,"4":1,"5":1,"6":2,"7":2,"8":1,"9":1,"10":1,"11":1,"12":1,"13":1,"14":1,"15":1},"f":{"0":2,"1":1,"2":2,"3":1},"b":{},"_coverageSchema":"1a1c01bbd47fc00a2c39e90264f33305004495a9","hash":"2bd568bb5260925b1f9055381e1e2ff1992333d3"}
}
