{"C:\\Users\\USER\\Desktop\\JSEnlightment\\Chapter1\\complexObjects.js": {"path":"C:\\Users\\USER\\Desktop\\JSEnlightment\\Chapter1\\complexObjects.js","statementMap":{"0":{"start":{"line":1,"column":16},"end":{"line":5,"column":1}},"1":{"start":{"line":7,"column":22},"end":{"line":7,"column":31}},"2":{"start":{"line":9,"column":0},"end":{"line":9,"column":33}},"3":{"start":{"line":11,"column":0},"end":{"line":11,"column":29}},"4":{"start":{"line":13,"column":0},"end":{"line":13,"column":40}},"5":{"start":{"line":14,"column":0},"end":{"line":14,"column":46}}},"fnMap":{},"branchMap":{},"s":{"0":1,"1":1,"2":1,"3":1,"4":1,"5":1},"f":{},"b":{},"_coverageSchema":"1a1c01bbd47fc00a2c39e90264f33305004495a9","hash":"bf293ebad498c2ac9ded7daf74bb87c666cdfd1e"}
,"C:\\Users\\USER\\Desktop\\JSEnlightment\\Chapter1\\constructorNLiterals.js": {"path":"C:\\Users\\USER\\Desktop\\JSEnlightment\\Chapter1\\constructorNLiterals.js","statementMap":{"0":{"start":{"line":4,"column":15},"end":{"line":4,"column":29}},"1":{"start":{"line":5,"column":22},"end":{"line":5,"column":24}},"2":{"start":{"line":7,"column":15},"end":{"line":7,"column":33}},"3":{"start":{"line":8,"column":22},"end":{"line":8,"column":28}},"4":{"start":{"line":10,"column":16},"end":{"line":10,"column":34}},"5":{"start":{"line":11,"column":23},"end":{"line":11,"column":28}},"6":{"start":{"line":13,"column":15},"end":{"line":13,"column":27}},"7":{"start":{"line":14,"column":22},"end":{"line":14,"column":24}},"8":{"start":{"line":16,"column":14},"end":{"line":16,"column":37}},"9":{"start":{"line":17,"column":21},"end":{"line":17,"column":35}},"10":{"start":{"line":19,"column":17},"end":{"line":19,"column":53}},"11":{"start":{"line":21,"column":24},"end":{"line":21,"column":57}},"12":{"start":{"line":21,"column":42},"end":{"line":21,"column":55}},"13":{"start":{"line":25,"column":0},"end":{"line":25,"column":63}},"14":{"start":{"line":26,"column":0},"end":{"line":26,"column":63}},"15":{"start":{"line":27,"column":0},"end":{"line":27,"column":65}},"16":{"start":{"line":28,"column":0},"end":{"line":28,"column":63}},"17":{"start":{"line":29,"column":0},"end":{"line":29,"column":61}},"18":{"start":{"line":30,"column":0},"end":{"line":30,"column":67}},"19":{"start":{"line":32,"column":0},"end":{"line":32,"column":39}},"20":{"start":{"line":33,"column":0},"end":{"line":33,"column":53}}},"fnMap":{"0":{"name":"(anonymous_0)","decl":{"start":{"line":21,"column":24},"end":{"line":21,"column":25}},"loc":{"start":{"line":21,"column":40},"end":{"line":21,"column":57}},"line":21}},"branchMap":{},"s":{"0":1,"1":1,"2":1,"3":1,"4":1,"5":1,"6":1,"7":1,"8":1,"9":1,"10":1,"11":1,"12":1,"13":1,"14":1,"15":1,"16":1,"17":1,"18":1,"19":1,"20":1},"f":{"0":1},"b":{},"_coverageSchema":"1a1c01bbd47fc00a2c39e90264f33305004495a9","hash":"6e3eb8d8776c6db3b53b5f488d81d0747514bace"}
,"C:\\Users\\USER\\Desktop\\JSEnlightment\\Chapter1\\nativeConstructors.js": {"path":"C:\\Users\\USER\\Desktop\\JSEnlightment\\Chapter1\\nativeConstructors.js","statementMap":{"0":{"start":{"line":1,"column":15},"end":{"line":1,"column":29}},"1":{"start":{"line":2,"column":15},"end":{"line":2,"column":35}},"2":{"start":{"line":3,"column":16},"end":{"line":3,"column":33}},"3":{"start":{"line":4,"column":15},"end":{"line":4,"column":27}},"4":{"start":{"line":5,"column":14},"end":{"line":5,"column":37}},"5":{"start":{"line":6,"column":17},"end":{"line":6,"column":53}},"6":{"start":{"line":7,"column":13},"end":{"line":7,"column":23}},"7":{"start":{"line":8,"column":15},"end":{"line":8,"column":40}},"8":{"start":{"line":9,"column":14},"end":{"line":9,"column":32}},"9":{"start":{"line":12,"column":0},"end":{"line":12,"column":34}},"10":{"start":{"line":13,"column":0},"end":{"line":13,"column":34}},"11":{"start":{"line":14,"column":0},"end":{"line":14,"column":35}},"12":{"start":{"line":15,"column":0},"end":{"line":15,"column":34}},"13":{"start":{"line":16,"column":0},"end":{"line":16,"column":33}},"14":{"start":{"line":17,"column":0},"end":{"line":17,"column":36}},"15":{"start":{"line":18,"column":0},"end":{"line":18,"column":32}},"16":{"start":{"line":19,"column":0},"end":{"line":19,"column":34}},"17":{"start":{"line":20,"column":0},"end":{"line":20,"column":33}},"18":{"start":{"line":22,"column":0},"end":{"line":22,"column":27}}},"fnMap":{},"branchMap":{},"s":{"0":1,"1":1,"2":1,"3":1,"4":1,"5":1,"6":1,"7":1,"8":1,"9":1,"10":1,"11":1,"12":1,"13":1,"14":1,"15":1,"16":1,"17":1,"18":1},"f":{},"b":{},"_coverageSchema":"1a1c01bbd47fc00a2c39e90264f33305004495a9","hash":"9cb4db4e9683f6be2393a9c1ea9bdee41bfd41a9"}
,"C:\\Users\\USER\\Desktop\\JSEnlightment\\Chapter1\\objectCreation.js": {"path":"C:\\Users\\USER\\Desktop\\JSEnlightment\\Chapter1\\objectCreation.js","statementMap":{"0":{"start":{"line":8,"column":11},"end":{"line":8,"column":23}},"1":{"start":{"line":11,"column":0},"end":{"line":11,"column":20}},"2":{"start":{"line":12,"column":0},"end":{"line":12,"column":14}},"3":{"start":{"line":13,"column":0},"end":{"line":13,"column":21}},"4":{"start":{"line":16,"column":0},"end":{"line":18,"column":2}},"5":{"start":{"line":17,"column":4},"end":{"line":17,"column":20}},"6":{"start":{"line":19,"column":0},"end":{"line":21,"column":2}},"7":{"start":{"line":20,"column":4},"end":{"line":20,"column":24}},"8":{"start":{"line":22,"column":0},"end":{"line":24,"column":2}},"9":{"start":{"line":23,"column":4},"end":{"line":23,"column":23}},"10":{"start":{"line":26,"column":0},"end":{"line":26,"column":18}},"11":{"start":{"line":28,"column":0},"end":{"line":28,"column":33}},"12":{"start":{"line":29,"column":0},"end":{"line":29,"column":41}},"13":{"start":{"line":30,"column":0},"end":{"line":30,"column":39}}},"fnMap":{"0":{"name":"(anonymous_0)","decl":{"start":{"line":16,"column":14},"end":{"line":16,"column":15}},"loc":{"start":{"line":16,"column":26},"end":{"line":18,"column":1}},"line":16},"1":{"name":"(anonymous_1)","decl":{"start":{"line":19,"column":18},"end":{"line":19,"column":19}},"loc":{"start":{"line":19,"column":30},"end":{"line":21,"column":1}},"line":19},"2":{"name":"(anonymous_2)","decl":{"start":{"line":22,"column":17},"end":{"line":22,"column":18}},"loc":{"start":{"line":22,"column":29},"end":{"line":24,"column":1}},"line":22}},"branchMap":{},"s":{"0":1,"1":1,"2":1,"3":1,"4":1,"5":1,"6":1,"7":1,"8":1,"9":2,"10":1,"11":1,"12":1,"13":1},"f":{"0":1,"1":1,"2":2},"b":{},"_coverageSchema":"1a1c01bbd47fc00a2c39e90264f33305004495a9","hash":"185cd5464bf7c2e9905444bdba66284063f1ca43"}
,"C:\\Users\\USER\\Desktop\\JSEnlightment\\Chapter1\\personConstructor.js": {"path":"C:\\Users\\USER\\Desktop\\JSEnlightment\\Chapter1\\personConstructor.js","statementMap":{"0":{"start":{"line":5,"column":13},"end":{"line":10,"column":1}},"1":{"start":{"line":6,"column":4},"end":{"line":6,"column":27}},"2":{"start":{"line":7,"column":4},"end":{"line":7,"column":19}},"3":{"start":{"line":8,"column":4},"end":{"line":8,"column":25}},"4":{"start":{"line":9,"column":4},"end":{"line":9,"column":57}},"5":{"start":{"line":9,"column":35},"end":{"line":9,"column":54}},"6":{"start":{"line":13,"column":11},"end":{"line":13,"column":39}},"7":{"start":{"line":17,"column":0},"end":{"line":17,"column":22}}},"fnMap":{"0":{"name":"(anonymous_0)","decl":{"start":{"line":5,"column":13},"end":{"line":5,"column":14}},"loc":{"start":{"line":5,"column":45},"end":{"line":10,"column":1}},"line":5},"1":{"name":"(anonymous_1)","decl":{"start":{"line":9,"column":21},"end":{"line":9,"column":22}},"loc":{"start":{"line":9,"column":33},"end":{"line":9,"column":56}},"line":9}},"branchMap":{},"s":{"0":1,"1":1,"2":1,"3":1,"4":1,"5":1,"6":1,"7":1},"f":{"0":1,"1":1},"b":{},"_coverageSchema":"1a1c01bbd47fc00a2c39e90264f33305004495a9","hash":"de3aa9f547a3f97eb2d0542d7c7d9a561d47c079"}
,"C:\\Users\\USER\\Desktop\\JSEnlightment\\Chapter1\\primitiveEquality.js": {"path":"C:\\Users\\USER\\Desktop\\JSEnlightment\\Chapter1\\primitiveEquality.js","statementMap":{"0":{"start":{"line":1,"column":14},"end":{"line":1,"column":19}},"1":{"start":{"line":2,"column":14},"end":{"line":2,"column":19}},"2":{"start":{"line":3,"column":14},"end":{"line":3,"column":31}},"3":{"start":{"line":4,"column":14},"end":{"line":4,"column":21}},"4":{"start":{"line":5,"column":14},"end":{"line":5,"column":21}},"5":{"start":{"line":6,"column":14},"end":{"line":6,"column":31}},"6":{"start":{"line":8,"column":0},"end":{"line":8,"column":33}},"7":{"start":{"line":9,"column":0},"end":{"line":9,"column":33}},"8":{"start":{"line":10,"column":0},"end":{"line":10,"column":33}},"9":{"start":{"line":12,"column":0},"end":{"line":12,"column":21}},"10":{"start":{"line":13,"column":0},"end":{"line":13,"column":33}},"11":{"start":{"line":14,"column":0},"end":{"line":14,"column":33}},"12":{"start":{"line":16,"column":0},"end":{"line":16,"column":33}},"13":{"start":{"line":18,"column":0},"end":{"line":18,"column":33}},"14":{"start":{"line":19,"column":0},"end":{"line":19,"column":33}},"15":{"start":{"line":20,"column":0},"end":{"line":20,"column":33}},"16":{"start":{"line":21,"column":0},"end":{"line":21,"column":33}},"17":{"start":{"line":22,"column":0},"end":{"line":22,"column":33}},"18":{"start":{"line":23,"column":0},"end":{"line":23,"column":33}}},"fnMap":{},"branchMap":{},"s":{"0":1,"1":1,"2":1,"3":1,"4":1,"5":1,"6":1,"7":1,"8":1,"9":1,"10":1,"11":1,"12":1,"13":1,"14":1,"15":1,"16":1,"17":1,"18":1},"f":{},"b":{},"_coverageSchema":"1a1c01bbd47fc00a2c39e90264f33305004495a9","hash":"36e8b2ff737c6982415448dcac31c6ea935290d3"}
,"C:\\Users\\USER\\Desktop\\JSEnlightment\\Chapter1\\primitiveValues.js": {"path":"C:\\Users\\USER\\Desktop\\JSEnlightment\\Chapter1\\primitiveValues.js","statementMap":{"0":{"start":{"line":1,"column":23},"end":{"line":1,"column":31}},"1":{"start":{"line":2,"column":23},"end":{"line":2,"column":42}},"2":{"start":{"line":3,"column":20},"end":{"line":3,"column":42}},"3":{"start":{"line":5,"column":0},"end":{"line":5,"column":84}},"4":{"start":{"line":7,"column":0},"end":{"line":7,"column":51}},"5":{"start":{"line":8,"column":0},"end":{"line":8,"column":51}},"6":{"start":{"line":9,"column":0},"end":{"line":9,"column":45}}},"fnMap":{},"branchMap":{},"s":{"0":1,"1":1,"2":1,"3":1,"4":1,"5":1,"6":1},"f":{},"b":{},"_coverageSchema":"1a1c01bbd47fc00a2c39e90264f33305004495a9","hash":"851d95084ccbc4d1a601464e30ae74d869a6722c"}
,"C:\\Users\\USER\\Desktop\\JSEnlightment\\Chapter1\\primitivesToObjects.js": {"path":"C:\\Users\\USER\\Desktop\\JSEnlightment\\Chapter1\\primitivesToObjects.js","statementMap":{"0":{"start":{"line":1,"column":18},"end":{"line":1,"column":20}},"1":{"start":{"line":4,"column":4},"end":{"line":4,"column":36}},"2":{"start":{"line":5,"column":4},"end":{"line":5,"column":32}},"3":{"start":{"line":9,"column":4},"end":{"line":9,"column":40}},"4":{"start":{"line":10,"column":4},"end":{"line":10,"column":36}},"5":{"start":{"line":14,"column":4},"end":{"line":14,"column":47}},"6":{"start":{"line":15,"column":4},"end":{"line":15,"column":43}},"7":{"start":{"line":19,"column":4},"end":{"line":19,"column":36}},"8":{"start":{"line":20,"column":4},"end":{"line":20,"column":32}},"9":{"start":{"line":23,"column":0},"end":{"line":23,"column":16}},"10":{"start":{"line":24,"column":0},"end":{"line":24,"column":18}},"11":{"start":{"line":25,"column":0},"end":{"line":25,"column":18}},"12":{"start":{"line":26,"column":0},"end":{"line":26,"column":16}},"13":{"start":{"line":28,"column":0},"end":{"line":28,"column":40}},"14":{"start":{"line":29,"column":0},"end":{"line":29,"column":42}}},"fnMap":{"0":{"name":"printPrimType","decl":{"start":{"line":3,"column":9},"end":{"line":3,"column":22}},"loc":{"start":{"line":3,"column":25},"end":{"line":6,"column":1}},"line":3},"1":{"name":"printPrimString","decl":{"start":{"line":8,"column":9},"end":{"line":8,"column":24}},"loc":{"start":{"line":8,"column":27},"end":{"line":11,"column":1}},"line":8},"2":{"name":"printStringType","decl":{"start":{"line":13,"column":9},"end":{"line":13,"column":24}},"loc":{"start":{"line":13,"column":27},"end":{"line":16,"column":1}},"line":13},"3":{"name":"printPrimBack","decl":{"start":{"line":18,"column":9},"end":{"line":18,"column":22}},"loc":{"start":{"line":18,"column":25},"end":{"line":21,"column":1}},"line":18}},"branchMap":{},"s":{"0":1,"1":2,"2":2,"3":1,"4":1,"5":2,"6":2,"7":1,"8":1,"9":1,"10":1,"11":1,"12":1,"13":1,"14":1},"f":{"0":2,"1":1,"2":2,"3":1},"b":{},"_coverageSchema":"1a1c01bbd47fc00a2c39e90264f33305004495a9","hash":"ba179813ac9b44485b8124fa695b6e9dce3dfa1c"}
}
