TN:
SF:Chapter1\complexEquality.js
FNF:0
FNH:0
DA:1,1
DA:6,1
DA:11,1
DA:13,1
DA:17,1
DA:19,1
DA:20,1
LF:7
LH:7
BRF:0
BRH:0
end_of_record
TN:
SF:Chapter1\complexObjects.js
FNF:0
FNH:0
DA:1,1
DA:7,1
DA:9,1
DA:11,1
DA:13,1
DA:14,1
LF:6
LH:6
BRF:0
BRH:0
end_of_record
TN:
SF:Chapter1\constructorNLiterals.js
FN:21,(anonymous_0)
FNF:1
FNH:1
FNDA:1,(anonymous_0)
DA:4,1
DA:5,1
DA:7,1
DA:8,1
DA:10,1
DA:11,1
DA:13,1
DA:14,1
DA:16,1
DA:17,1
DA:19,1
DA:21,1
DA:25,1
DA:26,1
DA:27,1
DA:28,1
DA:29,1
DA:30,1
DA:32,1
DA:33,1
LF:20
LH:20
BRF:0
BRH:0
end_of_record
TN:
SF:Chapter1\instanceOfCustomObject.js
FN:2,Car
FN:8,isbmwInstanceOfCar
FN:16,isMyArrayInstanceOfArray
FNF:3
FNH:3
FNDA:1,Car
FNDA:1,isbmwInstanceOfCar
FNDA:1,isMyArrayInstanceOfArray
DA:2,1
DA:3,1
DA:6,1
DA:9,1
DA:12,1
DA:14,1
DA:17,1
DA:20,1
DA:22,1
DA:23,1
LF:10
LH:10
BRF:0
BRH:0
end_of_record
TN:
SF:Chapter1\nativeConstructors.js
FNF:0
FNH:0
DA:1,1
DA:2,1
DA:3,1
DA:4,1
DA:5,1
DA:6,1
DA:7,1
DA:8,1
DA:9,1
DA:12,1
DA:13,1
DA:14,1
DA:15,1
DA:16,1
DA:17,1
DA:18,1
DA:19,1
DA:20,1
DA:22,1
LF:19
LH:19
BRF:0
BRH:0
end_of_record
TN:
SF:Chapter1\objectCreation.js
FN:16,(anonymous_0)
FN:19,(anonymous_1)
FN:22,(anonymous_2)
FNF:3
FNH:3
FNDA:1,(anonymous_0)
FNDA:1,(anonymous_1)
FNDA:2,(anonymous_2)
DA:8,1
DA:11,1
DA:12,1
DA:13,1
DA:16,1
DA:17,1
DA:19,1
DA:20,1
DA:22,1
DA:23,2
DA:26,1
DA:28,1
DA:29,1
DA:30,1
LF:14
LH:14
BRF:0
BRH:0
end_of_record
TN:
SF:Chapter1\personConstructor.js
FN:5,(anonymous_0)
FN:9,(anonymous_1)
FNF:2
FNH:2
FNDA:1,(anonymous_0)
FNDA:1,(anonymous_1)
DA:5,1
DA:6,1
DA:7,1
DA:8,1
DA:9,1
DA:13,1
DA:17,1
LF:7
LH:7
BRF:0
BRH:0
end_of_record
TN:
SF:Chapter1\primitiveEquality.js
FNF:0
FNH:0
DA:1,1
DA:2,1
DA:3,1
DA:4,1
DA:5,1
DA:6,1
DA:8,1
DA:9,1
DA:10,1
DA:12,1
DA:13,1
DA:14,1
DA:16,1
DA:18,1
DA:19,1
DA:20,1
DA:21,1
DA:22,1
DA:23,1
LF:19
LH:19
BRF:0
BRH:0
end_of_record
TN:
SF:Chapter1\primitiveValues.js
FNF:0
FNH:0
DA:1,1
DA:2,1
DA:3,1
DA:5,1
DA:7,1
DA:8,1
DA:9,1
LF:7
LH:7
BRF:0
BRH:0
end_of_record
TN:
SF:Chapter1\primitivesToObjects.js
FN:3,printPrimType
FN:8,printPrimString
FN:13,printStringType
FN:18,printPrimBack
FNF:4
FNH:4
FNDA:2,printPrimType
FNDA:1,printPrimString
FNDA:2,printStringType
FNDA:1,printPrimBack
DA:1,1
DA:4,2
DA:5,2
DA:9,1
DA:10,1
DA:14,2
DA:15,2
DA:19,1
DA:20,1
DA:23,1
DA:24,1
DA:25,1
DA:26,1
DA:28,1
DA:29,1
LF:15
LH:15
BRF:0
BRH:0
end_of_record
TN:
SF:Chapter2\deleteObjProperty.js
FN:9,returnObjProperty
FNF:1
FNH:1
FNDA:1,returnObjProperty
DA:1,1
DA:6,1
DA:8,1
DA:10,1
DA:13,1
DA:15,1
LF:6
LH:6
BRF:0
BRH:0
end_of_record
TN:
SF:Chapter2\encapsulatedObjects.js
FN:4,puzzle
FN:13,(anonymous_1)
FN:14,(anonymous_2)
FNF:3
FNH:3
FNDA:2,puzzle
FNDA:1,(anonymous_1)
FNDA:1,(anonymous_2)
DA:1,1
DA:5,2
DA:11,1
DA:13,1
DA:14,1
DA:15,1
DA:17,1
DA:18,1
DA:21,1
DA:23,1
DA:25,1
DA:27,1
LF:12
LH:12
BRF:0
BRH:0
end_of_record
TN:
SF:Chapter2\getSetUpdateObject.js
FN:13,getShirtSize
FN:16,getNoOfButtons
FN:19,getColour
FN:22,getShirtVariants
FNF:4
FNH:4
FNDA:1,getShirtSize
FNDA:1,getNoOfButtons
FNDA:1,getColour
FNDA:1,getShirtVariants
DA:2,1
DA:7,1
DA:8,1
DA:9,1
DA:10,1
DA:14,1
DA:17,1
DA:20,1
DA:23,1
DA:27,1
DA:28,1
DA:30,1
DA:31,1
DA:32,1
DA:33,1
DA:35,1
DA:37,1
DA:38,1
DA:39,1
DA:40,1
LF:20
LH:20
BRF:0
BRH:0
end_of_record
TN:
SF:Chapter2\loopObjProperties.js
FN:8,totalOwnProperties
FNF:1
FNH:1
FNDA:2,totalOwnProperties
DA:2,1
DA:9,2
DA:10,2
DA:11,6
DA:12,6
DA:13,6
DA:16,2
DA:19,1
DA:21,1
LF:9
LH:9
BRDA:11,0,0,6
BRDA:11,0,1,0
BRF:2
BRH:1
end_of_record
TN:
SF:Chapter2\protoChainCheck.js
FN:7,objectOwnProperty
FN:11,objProtoProperty
FNF:2
FNH:2
FNDA:4,objectOwnProperty
FNDA:4,objProtoProperty
DA:1,1
DA:8,4
DA:12,4
DA:15,1
DA:16,1
DA:17,1
DA:18,1
DA:20,1
DA:21,1
LF:9
LH:9
BRF:0
BRH:0
end_of_record
TN:
SF:Chapter3\stringDefinedObj.js
FNF:0
FNH:0
DA:1,1
DA:8,1
LF:2
LH:2
BRF:0
BRH:0
end_of_record
TN:
SF:Chapter4\callAndApply.js
FN:2,(anonymous_0)
FNF:1
FNH:1
FNDA:4,(anonymous_0)
DA:1,1
DA:3,4
DA:4,4
DA:8,1
DA:12,1
DA:16,1
DA:18,1
DA:21,1
DA:22,1
DA:23,1
LF:10
LH:10
BRF:0
BRH:0
end_of_record
TN:
SF:Chapter4\functionCitizens.js
FN:3,(anonymous_0)
FN:7,(anonymous_1)
FN:13,(anonymous_2)
FN:19,(anonymous_3)
FN:23,(anonymous_4)
FN:28,(anonymous_5)
FN:33,myFunc
FNF:7
FNH:6
FNDA:1,(anonymous_0)
FNDA:0,(anonymous_1)
FNDA:1,(anonymous_2)
FNDA:1,(anonymous_3)
FNDA:1,(anonymous_4)
FNDA:1,(anonymous_5)
FNDA:2,myFunc
DA:3,1
DA:4,1
DA:5,1
DA:7,1
DA:8,1
DA:9,1
DA:11,1
DA:13,1
DA:15,1
DA:16,1
DA:19,1
DA:20,1
DA:23,1
DA:25,1
DA:28,1
DA:29,1
DA:30,1
DA:33,2
DA:36,1
DA:37,1
DA:39,1
LF:21
LH:21
BRF:0
BRH:0
end_of_record
TN:
SF:Chapter4\functionCreation.js
FN:5,(anonymous_0)
FNF:1
FNH:1
FNDA:2,(anonymous_0)
DA:1,1
DA:5,1
DA:6,2
DA:9,1
DA:10,1
DA:12,1
DA:13,1
DA:16,1
DA:17,1
DA:18,1
DA:20,1
DA:21,1
LF:12
LH:12
BRF:0
BRH:0
end_of_record
TN:
SF:Chapter4\functionRecursion.js
FN:2,(anonymous_0)
FN:8,(anonymous_1)
FNF:2
FNH:2
FNDA:5,(anonymous_0)
FNDA:13,(anonymous_1)
DA:2,1
DA:3,5
DA:4,3
DA:8,1
DA:9,13
DA:11,11
DA:12,11
DA:13,2
DA:14,2
DA:16,0
DA:19,1
DA:20,1
DA:22,1
DA:24,1
DA:25,1
LF:15
LH:14
BRDA:3,0,0,2
BRDA:3,0,1,3
BRDA:9,1,0,11
BRDA:9,1,1,2
BRDA:9,2,0,13
BRDA:9,2,1,11
BRDA:13,3,0,2
BRDA:13,3,1,0
BRF:8
BRH:7
end_of_record
TN:
SF:Chapter4\hoistingOfFunc.js
FN:3,myfunction
FN:7,printInfo
FNF:2
FNH:2
FNDA:2,myfunction
FNDA:2,printInfo
DA:1,1
DA:4,2
DA:5,2
DA:6,2
DA:8,2
DA:9,2
DA:13,1
LF:7
LH:7
BRF:0
BRH:0
end_of_record
TN:
SF:Chapter4\parameters.js
FN:1,sayHello
FNF:1
FNH:1
FNDA:4,sayHello
DA:2,4
DA:3,2
DA:5,2
DA:6,2
DA:10,1
DA:11,1
DA:12,1
DA:13,1
DA:15,1
LF:9
LH:9
BRDA:2,0,0,2
BRDA:2,0,1,2
BRF:2
BRH:2
end_of_record
TN:
SF:Chapter4\passingFunctions.js
FN:1,(anonymous_0)
FN:5,(anonymous_1)
FNF:2
FNH:2
FNDA:1,(anonymous_0)
FNDA:2,(anonymous_1)
DA:1,1
DA:2,1
DA:5,2
DA:6,1
DA:8,1
LF:5
LH:5
BRF:0
BRH:0
end_of_record
TN:
SF:Chapter4\selfInvokingFunc.js
FN:1,(anonymous_0)
FN:5,(anonymous_1)
FN:9,(anonymous_2)
FN:13,saySalut
FNF:4
FNH:3
FNDA:1,(anonymous_0)
FNDA:1,(anonymous_1)
FNDA:1,(anonymous_2)
FNDA:0,saySalut
DA:1,1
DA:2,1
DA:5,1
DA:6,1
DA:9,1
DA:10,1
DA:13,1
DA:15,1
DA:17,1
LF:9
LH:9
BRF:0
BRH:0
end_of_record
TN:
SF:Chapter4\usageOfThis.js
FN:3,(anonymous_0)
FN:11,(anonymous_1)
FN:13,(anonymous_2)
FNF:3
FNH:2
FNDA:2,(anonymous_0)
FNDA:0,(anonymous_1)
FNDA:2,(anonymous_2)
DA:1,1
DA:4,2
DA:8,1
DA:9,1
DA:11,1
DA:12,1
DA:13,1
DA:14,2
DA:17,1
DA:18,1
DA:20,1
DA:22,1
DA:23,1
LF:13
LH:13
BRF:0
BRH:0
end_of_record
TN:
SF:Chapter5\globalVar.js
FN:6,(anonymous_0)
FN:13,(anonymous_1)
FNF:2
FNH:1
FNDA:2,(anonymous_0)
FNDA:0,(anonymous_1)
DA:1,1
DA:3,1
DA:7,2
DA:8,2
DA:13,1
DA:14,0
DA:15,0
DA:18,1
DA:21,1
DA:22,1
LF:10
LH:8
BRF:0
BRH:0
end_of_record
TN:
SF:Chapter6\determiningThis.js
FN:5,(anonymous_0)
FNF:1
FNH:1
FNDA:4,(anonymous_0)
DA:3,1
DA:5,1
DA:6,4
DA:7,4
DA:8,4
DA:11,1
DA:15,1
DA:17,1
DA:18,1
DA:20,1
DA:21,1
LF:11
LH:11
BRF:0
BRH:0
end_of_record
TN:
SF:Chapter6\overrideThis.js
FN:1,(anonymous_0)
FN:6,(anonymous_1)
FNF:2
FNH:2
FNDA:1,(anonymous_0)
FNDA:2,(anonymous_1)
DA:1,1
DA:2,1
DA:5,1
DA:7,2
DA:11,1
DA:12,1
DA:14,1
LF:7
LH:7
BRF:0
BRH:0
end_of_record
TN:
SF:Chapter6\protoThis.js
FN:1,(anonymous_0)
FN:5,(anonymous_1)
FNF:2
FNH:2
FNDA:2,(anonymous_0)
FNDA:1,(anonymous_1)
DA:1,1
DA:2,2
DA:5,1
DA:6,1
DA:9,1
DA:10,1
DA:12,1
LF:7
LH:7
BRF:0
BRH:0
end_of_record
TN:
SF:Chapter7\lexicalScoping.js
FN:3,(anonymous_0)
FN:5,(anonymous_1)
FN:9,(anonymous_2)
FNF:3
FNH:3
FNDA:1,(anonymous_0)
FNDA:1,(anonymous_1)
FNDA:1,(anonymous_2)
DA:2,1
DA:3,1
DA:4,1
DA:5,1
DA:6,1
DA:7,1
DA:9,1
DA:12,1
DA:15,1
DA:17,1
LF:10
LH:10
BRF:0
BRH:0
end_of_record
TN:
SF:Chapter7\scopeGotcha.js
FN:1,(anonymous_0)
FN:4,(anonymous_1)
FN:10,(anonymous_2)
FNF:3
FNH:3
FNDA:1,(anonymous_0)
FNDA:1,(anonymous_1)
FNDA:1,(anonymous_2)
DA:1,1
DA:2,1
DA:3,1
DA:4,1
DA:5,1
DA:7,1
DA:10,1
DA:11,1
DA:12,1
DA:15,1
DA:17,1
DA:18,1
LF:12
LH:12
BRF:0
BRH:0
end_of_record
